2025-02-18 10:22:23 - Running pre-checks...
2025-02-18 10:22:23 - xmlstarlet not found. Using Docker image for xmlstarlet.
2025-02-18 10:22:24 - Creating and starting container fmr...
.
2025-02-18 10:22:45 - Import CL_FREQ codelist from global registry
Action  URN                                                              Status
Append  urn:sdmx:org.sdmx.infomodel.codelist.Codelist=SDMX:CL_FREQ(2.1)  Success

2025-02-18 10:22:46 - Overwrite default ECB_EXR1 structures in FMR from the ones available on ECB website
Action  URN                                                                                Status
Append  urn:sdmx:org.sdmx.infomodel.base.AgencyScheme=ECB:AGENCIES(1.0)                    Success
Append  urn:sdmx:org.sdmx.infomodel.base.AgencyScheme=SDMX:AGENCIES(1.0)                   Success
Append  urn:sdmx:org.sdmx.infomodel.codelist.Codelist=ECB:CL_CURRENCY(1.0)                 Success
Append  urn:sdmx:org.sdmx.infomodel.codelist.Codelist=ECB:CL_FREQ(1.0)                     Success
Append  urn:sdmx:org.sdmx.infomodel.codelist.Codelist=ECB:CL_OBS_CONF(1.0)                 Success
Append  urn:sdmx:org.sdmx.infomodel.codelist.Codelist=ECB:CL_OBS_STATUS(1.0)               Success
Append  urn:sdmx:org.sdmx.infomodel.codelist.Codelist=ECB:CL_ORGANISATION(1.0)             Success
Append  urn:sdmx:org.sdmx.infomodel.codelist.Codelist=ECB:CL_UNIT(1.0)                     Success
Append  urn:sdmx:org.sdmx.infomodel.conceptscheme.ConceptScheme=ECB:ECB_CONCEPTS(1.0)      Success
Append  urn:sdmx:org.sdmx.infomodel.datastructure.DataStructure=ECB:ECB_EXR1(1.0)          Success
Append  urn:sdmx:org.sdmx.infomodel.datastructure.Dataflow=ECB:EXR(1.0)                    Success
Append  urn:sdmx:org.sdmx.infomodel.datastructure.Dataflow=ECB.DISS:EXR_PUB(1.0)           Success
Append  urn:sdmx:org.sdmx.infomodel.datastructure.Dataflow=ECB.DISS:JDF_EXR_HCI_CPI(1.0)   Success
Append  urn:sdmx:org.sdmx.infomodel.datastructure.Dataflow=ECB.DISS:JDF_EXR_HCI_GDP(1.0)   Success
Append  urn:sdmx:org.sdmx.infomodel.datastructure.Dataflow=ECB.DISS:JDF_EXR_HCI_ULCT(1.0)  Success
Append  urn:sdmx:org.sdmx.infomodel.datastructure.Dataflow=ECB.DISS:MOBILE_EXR(1.0)        Success
Append  urn:sdmx:org.sdmx.infomodel.datastructure.Dataflow=ECB.DISS:MOBILE_KEY_6(1.0)      Success

2025-02-18 10:22:48 - Overwrite default ECB_TRD1 structures in FMR from the ones available on ECB website
Action  URN                                                                        Status
Append  urn:sdmx:org.sdmx.infomodel.codelist.Codelist=ECB:CL_ADJUSTMENT(1.0)       Success
Append  urn:sdmx:org.sdmx.infomodel.codelist.Codelist=ECB:CL_AREA_EE(1.0)          Success
Append  urn:sdmx:org.sdmx.infomodel.codelist.Codelist=ECB:CL_TRD_PRODUCT(1.0)      Success
Append  urn:sdmx:org.sdmx.infomodel.codelist.Codelist=ECB:CL_TRD_SUFFIX(1.0)       Success
Append  urn:sdmx:org.sdmx.infomodel.datastructure.DataStructure=ECB:ECB_TRD1(1.0)  Success
Append  urn:sdmx:org.sdmx.infomodel.datastructure.Dataflow=ECB:TRD(1.0)            Success
Append  urn:sdmx:org.sdmx.infomodel.datastructure.Dataflow=ECB.DISS:TRD_PUB(1.0)   Success

2025-02-18 10:22:49 - Duplicate ECB structures using SDMX as agency with mapping from ECB to SDMX agency.
2025-02-18 10:22:49 - -> implicit mapping except for FREQ. Other codelists and concept remain on ECB agency.
2025-02-18 10:22:49 - In practice, using SDMX agency for storing artefacts should be avoided and replaced
2025-02-18 10:22:49 - by your own agency.
Action  URN                                                                                   Status
Append  urn:sdmx:org.sdmx.infomodel.registry.DataConstraint=SDMX:CR_EXR_A(1.0)                Success
Append  urn:sdmx:org.sdmx.infomodel.datastructure.DataStructure=SDMX:ECB_EXR1(1.0)            Success
Append  urn:sdmx:org.sdmx.infomodel.datastructure.DataStructure=SDMX:ECB_TRD1(1.0)            Success
Append  urn:sdmx:org.sdmx.infomodel.datastructure.Dataflow=SDMX:EXR(1.0)                      Success
Append  urn:sdmx:org.sdmx.infomodel.datastructure.Dataflow=SDMX:EXR_A(1.0)                    Success
Append  urn:sdmx:org.sdmx.infomodel.datastructure.Dataflow=SDMX:TRD(1.0)                      Success
Append  urn:sdmx:org.sdmx.infomodel.structuremapping.RepresentationMap=SDMX:REPMAP_FREQ(1.0)  Success
Append  urn:sdmx:org.sdmx.infomodel.structuremapping.StructureMap=SDMX:MAP_EXR1(1.0)          Success
Append  urn:sdmx:org.sdmx.infomodel.structuremapping.StructureMap=SDMX:MAP_TDR1(1.0)          Success

2025-02-18 10:22:49 - Download and parse EXR data from ecb website
2025-02-18 10:23:13 - 96e8d67b-6e43-41b3-bb2b-6779a0125375: Analysing
2025-02-18 10:23:18 - 96e8d67b-6e43-41b3-bb2b-6779a0125375: Consolidating
2025-02-18 10:23:23 - 96e8d67b-6e43-41b3-bb2b-6779a0125375: Consolidating
2025-02-18 10:23:28 - 96e8d67b-6e43-41b3-bb2b-6779a0125375: Consolidating
2025-02-18 10:23:33 - 96e8d67b-6e43-41b3-bb2b-6779a0125375: Consolidating
2025-02-18 10:23:38 - 96e8d67b-6e43-41b3-bb2b-6779a0125375: Consolidating
2025-02-18 10:23:43 - 96e8d67b-6e43-41b3-bb2b-6779a0125375: Consolidating
2025-02-18 10:23:48 - 96e8d67b-6e43-41b3-bb2b-6779a0125375: Consolidating
2025-02-18 10:23:53 - 96e8d67b-6e43-41b3-bb2b-6779a0125375: Consolidating
2025-02-18 10:23:58 - 96e8d67b-6e43-41b3-bb2b-6779a0125375: Consolidating
2025-02-18 10:24:04 - 96e8d67b-6e43-41b3-bb2b-6779a0125375: Validating
2025-02-18 10:24:09 - 96e8d67b-6e43-41b3-bb2b-6779a0125375: Validating
2025-02-18 10:24:14 - 96e8d67b-6e43-41b3-bb2b-6779a0125375: Complete
DSD                                                                        KeysCount  ObsCount  GroupsCount  ErrorCount  
-------------------------------------------------------------------------  ---------  --------  -----------  ------      ----------
urn:sdmx:org.sdmx.infomodel.datastructure.DataStructure=ECB:ECB_EXR1(1.0)  3927       3355222   0            52          
2025-02-18 10:24:14 - Download ECB:EXR in csv format.
2025-02-18 10:24:40 - Revalidate EXR data using SDMX agency (expected results: no errors on FREQ)
2025-02-18 10:24:40 - 96e8d67b-6e43-41b3-bb2b-6779a0125375: Validating
2025-02-18 10:24:45 - 96e8d67b-6e43-41b3-bb2b-6779a0125375: Validating
2025-02-18 10:24:50 - 96e8d67b-6e43-41b3-bb2b-6779a0125375: Validating
2025-02-18 10:24:55 - 96e8d67b-6e43-41b3-bb2b-6779a0125375: Complete
DSD                                                                         KeysCount  ObsCount  GroupsCount  ErrorCount  
--------------------------------------------------------------------------  ---------  --------  -----------  ------      ----------
urn:sdmx:org.sdmx.infomodel.datastructure.DataStructure=SDMX:ECB_EXR1(1.0)  3927       3355222   0            52          

2025-02-18 10:24:55 - Download SDMX:EXR in csv format.
2025-02-18 10:24:55 - Expected results: all ECB:EXR(1.0),H, should be renamed into SDMX:EXR(1.0),S,

2025-02-18 10:25:21 - Revalidate EXR data using SDMX:EXR_A dataflow.
2025-02-18 10:25:21 - SDMX:EXR_A should apply an additional constraint and returns only annual data.
2025-02-18 10:25:21 - 96e8d67b-6e43-41b3-bb2b-6779a0125375: Validating
2025-02-18 10:25:26 - 96e8d67b-6e43-41b3-bb2b-6779a0125375: Validating
2025-02-18 10:25:31 - 96e8d67b-6e43-41b3-bb2b-6779a0125375: Validating
2025-02-18 10:25:36 - 96e8d67b-6e43-41b3-bb2b-6779a0125375: Complete
DSD                                                                         KeysCount  ObsCount  GroupsCount  ErrorCount  
--------------------------------------------------------------------------  ---------  --------  -----------  ------      ----------
urn:sdmx:org.sdmx.infomodel.datastructure.DataStructure=SDMX:ECB_EXR1(1.0)  3927       3355222   0            56          

2025-02-18 10:25:36 - Download SDMX:EXR_A in csv format.
2025-02-18 10:25:36 - Expected results: Only lines starting with SDMX:EXR_A(1.0),A,
2025-02-18 10:26:13 - ECB:EXR    3355222 observations
2025-02-18 10:26:21 - SDMX:EXR   3355222 observations
2025-02-18 10:26:26 - SDMX:EXR_A 3355222 observations
2025-02-18 10:26:26 - Done.
2025-02-18 10:26:26 - For clean-up, use: docker stop fmr; docker rm fmr
